[0.018s] Invoking command in '/home/pkumaran17/pep/seaweed_ws/src/SeaWeed/seaweed_controls/build/seaweed_controls': CMAKE_PREFIX_PATH=${CMAKE_PREFIX_PATH}:/opt/ros/humble /usr/bin/cmake /home/pkumaran17/pep/seaweed_ws/src/SeaWeed/seaweed_controls -DCMAKE_INSTALL_PREFIX=/home/pkumaran17/pep/seaweed_ws/src/SeaWeed/seaweed_controls/install/seaweed_controls
[0.459s] -- The C compiler identification is GNU 11.4.0
[2.151s] -- The CXX compiler identification is GNU 11.4.0
[3.599s] -- Detecting C compiler ABI info
[3.985s] -- Detecting C compiler ABI info - done
[3.990s] -- Check for working C compiler: /usr/bin/cc - skipped
[3.993s] -- Detecting C compile features
[3.994s] -- Detecting C compile features - done
[3.998s] -- Detecting CXX compiler ABI info
[4.334s] -- Detecting CXX compiler ABI info - done
[4.339s] -- Check for working CXX compiler: /usr/bin/c++ - skipped
[4.340s] -- Detecting CXX compile features
[4.340s] -- Detecting CXX compile features - done
[4.352s] -- Found ament_cmake_auto: 1.3.12 (/opt/ros/humble/share/ament_cmake_auto/cmake)
[4.517s] -- Found Python3: /usr/bin/python3 (found version "3.10.12") found components: Interpreter 
[4.708s] -- Using all available rosidl_typesupport_c: rosidl_typesupport_fastrtps_c;rosidl_typesupport_introspection_c
[4.719s] -- Found rosidl_adapter: 3.1.7 (/opt/ros/humble/share/rosidl_adapter/cmake)
[5.330s] -- Using all available rosidl_typesupport_cpp: rosidl_typesupport_fastrtps_cpp;rosidl_typesupport_introspection_cpp
[5.414s] [31mCMake Error at /opt/ros/humble/share/rosidl_cmake/cmake/rosidl_generate_interfaces.cmake:64 (message):
[5.414s]   rosidl_generate_interfaces() must be called before ament_package()
[5.414s] Call Stack (most recent call first):
[5.414s]   CMakeLists.txt:25 (rosidl_generate_interfaces)
[5.414s] 
[5.414s] [0m
[5.414s] -- Configuring incomplete, errors occurred!
[5.414s] See also "/home/pkumaran17/pep/seaweed_ws/src/SeaWeed/seaweed_controls/build/seaweed_controls/CMakeFiles/CMakeOutput.log".
[5.420s] Invoked command in '/home/pkumaran17/pep/seaweed_ws/src/SeaWeed/seaweed_controls/build/seaweed_controls' returned '1': CMAKE_PREFIX_PATH=${CMAKE_PREFIX_PATH}:/opt/ros/humble /usr/bin/cmake /home/pkumaran17/pep/seaweed_ws/src/SeaWeed/seaweed_controls -DCMAKE_INSTALL_PREFIX=/home/pkumaran17/pep/seaweed_ws/src/SeaWeed/seaweed_controls/install/seaweed_controls
