[0.370s] DEBUG:colcon:Command line arguments: ['/usr/bin/colcon', 'build', '--packages-select', 'seaweed_controls']
[0.370s] DEBUG:colcon:Parsed command line arguments: Namespace(log_base=None, log_level=None, verb_name='build', build_base='build', install_base='install', merge_install=False, symlink_install=False, test_result_base=None, continue_on_error=False, executor='parallel', parallel_workers=12, event_handlers=None, ignore_user_meta=False, metas=['./colcon.meta'], base_paths=['.'], packages_ignore=None, packages_ignore_regex=None, paths=None, packages_up_to=None, packages_up_to_regex=None, packages_above=None, packages_above_and_dependencies=None, packages_above_depth=None, packages_select_by_dep=None, packages_skip_by_dep=None, packages_skip_up_to=None, packages_select_build_failed=False, packages_skip_build_finished=False, packages_select_test_failures=False, packages_skip_test_passed=False, packages_select=['seaweed_controls'], packages_skip=None, packages_select_regex=None, packages_skip_regex=None, packages_start=None, packages_end=None, allow_overriding=[], cmake_args=None, cmake_target=None, cmake_target_skip_unavailable=False, cmake_clean_cache=False, cmake_clean_first=False, cmake_force_configure=False, ament_cmake_args=None, catkin_cmake_args=None, catkin_skip_building_tests=False, verb_parser=<colcon_defaults.argument_parser.defaults.DefaultArgumentsDecorator object at 0x73f5ea04e2f0>, verb_extension=<colcon_core.verb.build.BuildVerb object at 0x73f5ea137d60>, main=<bound method BuildVerb.main of <colcon_core.verb.build.BuildVerb object at 0x73f5ea137d60>>)
[0.476s] Level 1:colcon.colcon_core.package_discovery:discover_packages(colcon_meta) check parameters
[0.476s] Level 1:colcon.colcon_core.package_discovery:discover_packages(recursive) check parameters
[0.476s] Level 1:colcon.colcon_core.package_discovery:discover_packages(ignore) check parameters
[0.476s] Level 1:colcon.colcon_core.package_discovery:discover_packages(path) check parameters
[0.476s] Level 1:colcon.colcon_core.package_discovery:discover_packages(colcon_meta) discover
[0.476s] Level 1:colcon.colcon_core.package_discovery:discover_packages(recursive) discover
[0.477s] INFO:colcon.colcon_core.package_discovery:Crawling recursively for packages in '/home/pkumaran17/pep/seaweed_ws/src/SeaWeed/seaweed_controls'
[0.477s] Level 1:colcon.colcon_core.package_identification:_identify(.) by extensions ['ignore', 'ignore_ament_install']
[0.477s] Level 1:colcon.colcon_core.package_identification:_identify(.) by extension 'ignore'
[0.477s] Level 1:colcon.colcon_core.package_identification:_identify(.) by extension 'ignore_ament_install'
[0.477s] Level 1:colcon.colcon_core.package_identification:_identify(.) by extensions ['colcon_pkg']
[0.477s] Level 1:colcon.colcon_core.package_identification:_identify(.) by extension 'colcon_pkg'
[0.477s] Level 1:colcon.colcon_core.package_identification:_identify(.) by extensions ['colcon_meta']
[0.477s] Level 1:colcon.colcon_core.package_identification:_identify(.) by extension 'colcon_meta'
[0.477s] Level 1:colcon.colcon_core.package_identification:_identify(.) by extensions ['ros']
[0.477s] Level 1:colcon.colcon_core.package_identification:_identify(.) by extension 'ros'
[0.488s] DEBUG:colcon.colcon_core.package_identification:Package '.' with type 'ros.ament_cmake' and name 'seaweed_controls'
[0.488s] Level 1:colcon.colcon_core.package_discovery:discover_packages(recursive) using defaults
[0.488s] Level 1:colcon.colcon_core.package_discovery:discover_packages(ignore) discover
[0.488s] Level 1:colcon.colcon_core.package_discovery:discover_packages(ignore) using defaults
[0.488s] Level 1:colcon.colcon_core.package_discovery:discover_packages(path) discover
[0.488s] Level 1:colcon.colcon_core.package_discovery:discover_packages(path) using defaults
[0.504s] Level 1:colcon.colcon_core.package_discovery:discover_packages(prefix_path) check parameters
[0.504s] Level 1:colcon.colcon_core.package_discovery:discover_packages(prefix_path) discover
[0.506s] DEBUG:colcon.colcon_installed_package_information.package_discovery:Found 5 installed packages in /home/pkumaran17/pep/vrx_ws/install
[0.507s] DEBUG:colcon.colcon_installed_package_information.package_discovery:Found 11 installed packages in /home/pkumaran17/pep/seaweed_ws/install
[0.508s] DEBUG:colcon.colcon_installed_package_information.package_discovery:Found 299 installed packages in /opt/ros/humble
[0.521s] Level 1:colcon.colcon_core.package_discovery:discover_packages(prefix_path) using defaults
[0.571s] Level 5:colcon.colcon_core.verb:set package 'seaweed_controls' build argument 'cmake_args' from command line to 'None'
[0.571s] Level 5:colcon.colcon_core.verb:set package 'seaweed_controls' build argument 'cmake_target' from command line to 'None'
[0.571s] Level 5:colcon.colcon_core.verb:set package 'seaweed_controls' build argument 'cmake_target_skip_unavailable' from command line to 'False'
[0.572s] Level 5:colcon.colcon_core.verb:set package 'seaweed_controls' build argument 'cmake_clean_cache' from command line to 'False'
[0.572s] Level 5:colcon.colcon_core.verb:set package 'seaweed_controls' build argument 'cmake_clean_first' from command line to 'False'
[0.572s] Level 5:colcon.colcon_core.verb:set package 'seaweed_controls' build argument 'cmake_force_configure' from command line to 'False'
[0.572s] Level 5:colcon.colcon_core.verb:set package 'seaweed_controls' build argument 'ament_cmake_args' from command line to 'None'
[0.572s] Level 5:colcon.colcon_core.verb:set package 'seaweed_controls' build argument 'catkin_cmake_args' from command line to 'None'
[0.572s] Level 5:colcon.colcon_core.verb:set package 'seaweed_controls' build argument 'catkin_skip_building_tests' from command line to 'False'
[0.572s] DEBUG:colcon.colcon_core.verb:Building package 'seaweed_controls' with the following arguments: {'ament_cmake_args': None, 'build_base': '/home/pkumaran17/pep/seaweed_ws/src/SeaWeed/seaweed_controls/build/seaweed_controls', 'catkin_cmake_args': None, 'catkin_skip_building_tests': False, 'cmake_args': None, 'cmake_clean_cache': False, 'cmake_clean_first': False, 'cmake_force_configure': False, 'cmake_target': None, 'cmake_target_skip_unavailable': False, 'install_base': '/home/pkumaran17/pep/seaweed_ws/src/SeaWeed/seaweed_controls/install/seaweed_controls', 'merge_install': False, 'path': '/home/pkumaran17/pep/seaweed_ws/src/SeaWeed/seaweed_controls', 'symlink_install': False, 'test_result_base': None}
[0.573s] INFO:colcon.colcon_core.executor:Executing jobs using 'parallel' executor
[0.575s] DEBUG:colcon.colcon_parallel_executor.executor.parallel:run_until_complete
[0.575s] INFO:colcon.colcon_ros.task.ament_cmake.build:Building ROS package in '/home/pkumaran17/pep/seaweed_ws/src/SeaWeed/seaweed_controls' with build type 'ament_cmake'
[0.576s] INFO:colcon.colcon_cmake.task.cmake.build:Building CMake package in '/home/pkumaran17/pep/seaweed_ws/src/SeaWeed/seaweed_controls'
[0.579s] INFO:colcon.colcon_core.plugin_system:Skipping extension 'colcon_core.shell.bat': Not used on non-Windows systems
[0.580s] INFO:colcon.colcon_core.shell:Skip shell extension 'powershell' for command environment: Not usable outside of PowerShell
[0.580s] DEBUG:colcon.colcon_core.shell:Skip shell extension 'dsv' for command environment
[0.594s] DEBUG:colcon.colcon_core.event_handler.log_command:Invoking command in '/home/pkumaran17/pep/seaweed_ws/src/SeaWeed/seaweed_controls/build/seaweed_controls': CMAKE_PREFIX_PATH=${CMAKE_PREFIX_PATH}:/opt/ros/humble /usr/bin/cmake /home/pkumaran17/pep/seaweed_ws/src/SeaWeed/seaweed_controls -DCMAKE_INSTALL_PREFIX=/home/pkumaran17/pep/seaweed_ws/src/SeaWeed/seaweed_controls/install/seaweed_controls
[3.917s] DEBUG:colcon.colcon_core.event_handler.log_command:Invoked command in '/home/pkumaran17/pep/seaweed_ws/src/SeaWeed/seaweed_controls/build/seaweed_controls' returned '1': CMAKE_PREFIX_PATH=${CMAKE_PREFIX_PATH}:/opt/ros/humble /usr/bin/cmake /home/pkumaran17/pep/seaweed_ws/src/SeaWeed/seaweed_controls -DCMAKE_INSTALL_PREFIX=/home/pkumaran17/pep/seaweed_ws/src/SeaWeed/seaweed_controls/install/seaweed_controls
[3.929s] Level 1:colcon.colcon_core.environment:create_environment_scripts_only(seaweed_controls)
[3.931s] Level 1:colcon.colcon_core.environment:checking '/home/pkumaran17/pep/seaweed_ws/src/SeaWeed/seaweed_controls/install/seaweed_controls' for CMake module files
[3.931s] Level 1:colcon.colcon_core.environment:checking '/home/pkumaran17/pep/seaweed_ws/src/SeaWeed/seaweed_controls/install/seaweed_controls' for CMake config files
[3.932s] Level 1:colcon.colcon_core.environment:checking '/home/pkumaran17/pep/seaweed_ws/src/SeaWeed/seaweed_controls/install/seaweed_controls/bin'
[3.932s] Level 1:colcon.colcon_core.environment:checking '/home/pkumaran17/pep/seaweed_ws/src/SeaWeed/seaweed_controls/install/seaweed_controls/lib/pkgconfig/seaweed_controls.pc'
[3.932s] Level 1:colcon.colcon_core.environment:checking '/home/pkumaran17/pep/seaweed_ws/src/SeaWeed/seaweed_controls/install/seaweed_controls/lib/python3.10/site-packages'
[3.932s] Level 1:colcon.colcon_core.environment:checking '/home/pkumaran17/pep/seaweed_ws/src/SeaWeed/seaweed_controls/install/seaweed_controls/bin'
[3.932s] INFO:colcon.colcon_core.shell:Creating package script '/home/pkumaran17/pep/seaweed_ws/src/SeaWeed/seaweed_controls/install/seaweed_controls/share/seaweed_controls/package.ps1'
[3.933s] INFO:colcon.colcon_core.shell:Creating package descriptor '/home/pkumaran17/pep/seaweed_ws/src/SeaWeed/seaweed_controls/install/seaweed_controls/share/seaweed_controls/package.dsv'
[3.933s] INFO:colcon.colcon_core.shell:Creating package script '/home/pkumaran17/pep/seaweed_ws/src/SeaWeed/seaweed_controls/install/seaweed_controls/share/seaweed_controls/package.sh'
[3.934s] INFO:colcon.colcon_core.shell:Creating package script '/home/pkumaran17/pep/seaweed_ws/src/SeaWeed/seaweed_controls/install/seaweed_controls/share/seaweed_controls/package.bash'
[3.935s] INFO:colcon.colcon_core.shell:Creating package script '/home/pkumaran17/pep/seaweed_ws/src/SeaWeed/seaweed_controls/install/seaweed_controls/share/seaweed_controls/package.zsh'
[3.935s] Level 1:colcon.colcon_core.environment:create_file_with_runtime_dependencies(/home/pkumaran17/pep/seaweed_ws/src/SeaWeed/seaweed_controls/install/seaweed_controls/share/colcon-core/packages/seaweed_controls)
[3.946s] DEBUG:colcon.colcon_parallel_executor.executor.parallel:closing loop
[3.946s] DEBUG:colcon.colcon_parallel_executor.executor.parallel:loop closed
[3.946s] DEBUG:colcon.colcon_parallel_executor.executor.parallel:run_until_complete finished with '1'
[3.946s] DEBUG:colcon.colcon_core.event_reactor:joining thread
[4.106s] INFO:colcon.colcon_core.plugin_system:Skipping extension 'colcon_notification.desktop_notification.notify_send': Could not find 'notify-send'
[4.106s] INFO:colcon.colcon_core.plugin_system:Skipping extension 'colcon_notification.desktop_notification.terminal_notifier': Not used on non-Darwin systems
[4.107s] INFO:colcon.colcon_core.plugin_system:Skipping extension 'colcon_notification.desktop_notification.win32': Not used on non-Windows systems
[4.107s] INFO:colcon.colcon_notification.desktop_notification:Sending desktop notification using 'notify2'
[4.109s] DEBUG:colcon.colcon_notification.desktop_notification.notify2:Failed to initialize notify2: org.freedesktop.DBus.Error.ServiceUnknown: The name org.freedesktop.Notifications was not provided by any .service files
[4.109s] DEBUG:colcon.colcon_core.event_reactor:joined thread
[4.109s] INFO:colcon.colcon_core.shell:Creating prefix script '/home/pkumaran17/pep/seaweed_ws/src/SeaWeed/seaweed_controls/install/local_setup.ps1'
[4.110s] INFO:colcon.colcon_core.shell:Creating prefix util module '/home/pkumaran17/pep/seaweed_ws/src/SeaWeed/seaweed_controls/install/_local_setup_util_ps1.py'
[4.111s] INFO:colcon.colcon_core.shell:Creating prefix chain script '/home/pkumaran17/pep/seaweed_ws/src/SeaWeed/seaweed_controls/install/setup.ps1'
[4.112s] INFO:colcon.colcon_core.shell:Creating prefix script '/home/pkumaran17/pep/seaweed_ws/src/SeaWeed/seaweed_controls/install/local_setup.sh'
[4.113s] INFO:colcon.colcon_core.shell:Creating prefix util module '/home/pkumaran17/pep/seaweed_ws/src/SeaWeed/seaweed_controls/install/_local_setup_util_sh.py'
[4.113s] INFO:colcon.colcon_core.shell:Creating prefix chain script '/home/pkumaran17/pep/seaweed_ws/src/SeaWeed/seaweed_controls/install/setup.sh'
[4.114s] INFO:colcon.colcon_core.shell:Creating prefix script '/home/pkumaran17/pep/seaweed_ws/src/SeaWeed/seaweed_controls/install/local_setup.bash'
[4.114s] INFO:colcon.colcon_core.shell:Creating prefix chain script '/home/pkumaran17/pep/seaweed_ws/src/SeaWeed/seaweed_controls/install/setup.bash'
[4.115s] INFO:colcon.colcon_core.shell:Creating prefix script '/home/pkumaran17/pep/seaweed_ws/src/SeaWeed/seaweed_controls/install/local_setup.zsh'
[4.116s] INFO:colcon.colcon_core.shell:Creating prefix chain script '/home/pkumaran17/pep/seaweed_ws/src/SeaWeed/seaweed_controls/install/setup.zsh'
